<?xml version="1.0" encoding="UTF-8"?>
<!-- Generated by org.testng.reporters.JUnitReportReporter -->
<testsuite hostname="LAPTOP-P5VNPLK8" name="com.smart.service.UserServiceTest" tests="3" failures="0" timestamp="23 May 2019 06:24:26 GMT" time="2.317" errors="0">
  <testcase name="testAddLoginLog" time="0.669" classname="com.smart.service.UserServiceTest"/>
  <testcase name="testFindUserByUserName" time="1.005" classname="com.smart.service.UserServiceTest"/>
  <testcase name="testHasMatchUser" time="0.643" classname="com.smart.service.UserServiceTest"/>
</testsuite> <!-- com.smart.service.UserServiceTest -->
